<?xml version="1.0" encoding="UTF-8"?>
<!-- Generated by org.testng.reporters.JUnitReportReporter -->
<testsuite hostname="WKWZTTtjyhx7E9w" failures="0" tests="3" name="org.usb.testing.APITest" time="2.094" errors="0" timestamp="2022-08-29T10:54:41 IST" skipped="0">
  <testcase classname="org.usb.testing.APITest" name="createUser" time="1.891"/>
  <system-out/>
  <testcase classname="org.usb.testing.APITest" name="getUserById" time="0.110"/>
  <system-out/>
  <testcase classname="org.usb.testing.APITest" name="getUsers" time="0.093"/>
  <system-out/>
</testsuite> <!-- org.usb.testing.APITest -->
