<?xml version="1.0" encoding="UTF-8"?>
<!-- Generated by org.testng.reporters.JUnitReportReporter -->
<testsuite hostname="WKWZTTtjyhx7E9w" failures="0" tests="3" name="org.usb.testing.APITest" time="3.266" errors="0" timestamp="2022-08-18T14:40:51 IST" skipped="0">
  <testcase classname="org.usb.testing.APITest" name="createUser" time="2.050"/>
  <system-out/>
  <testcase classname="org.usb.testing.APITest" name="getUsers" time="0.107"/>
  <system-out/>
  <testcase classname="org.usb.testing.APITest" name="getUserById" time="1.109"/>
  <system-out/>
</testsuite> <!-- org.usb.testing.APITest -->
